<?xml version="1.0" encoding="UTF-8"?>
<testsuite name="com.zachary_moore.graphql.GraphQLImportParserShould" tests="7" skipped="0" failures="0" errors="0" timestamp="2021-09-07T15:50:31" hostname="Zacharys-MacBook-Pro.local" time="0.096">
  <properties/>
  <testcase name="removeFragmentOnlyFilesInGeneration" classname="com.zachary_moore.graphql.GraphQLImportParserShould" time="0.077"/>
  <testcase name="resolveImportsReferencingImports" classname="com.zachary_moore.graphql.GraphQLImportParserShould" time="0.006"/>
  <testcase name="throwWithFragmentCycle" classname="com.zachary_moore.graphql.GraphQLImportParserShould" time="0.002"/>
  <testcase name="throwWhenNoImportForFragment" classname="com.zachary_moore.graphql.GraphQLImportParserShould" time="0.002"/>
  <testcase name="makeSimpleImport" classname="com.zachary_moore.graphql.GraphQLImportParserShould" time="0.002"/>
  <testcase name="throwWhenNoExportButProperImport" classname="com.zachary_moore.graphql.GraphQLImportParserShould" time="0.002"/>
  <testcase name="notPullInDuplicateImports" classname="com.zachary_moore.graphql.GraphQLImportParserShould" time="0.003"/>
  <system-out><![CDATA[]]></system-out>
  <system-err><![CDATA[]]></system-err>
</testsuite>
